<?xml version="1.0" encoding="UTF-8"?>
<testng-results skipped="0" failed="0" ignored="0" total="1" passed="1">
  <reporter-output>
    <line>
      <![CDATA[Preparing to Start Test]]>
    </line>
    <line>
      <![CDATA[Preparation is done]]>
    </line>
    <line>
      <![CDATA[Lunching the Browser]]>
    </line>
    <line>
      <![CDATA[Browser is up and running.......started Guru99Bank]]>
    </line>
    <line>
      <![CDATA[Test is about to End]]>
    </line>
    <line>
      <![CDATA[--------------------------------TEST PASSED--------------------------------------------]]>
    </line>
    <line>
      <![CDATA[**********************Final Report created***********************]]>
    </line>
    <line>
      <![CDATA[]]>
    </line>
    <line>
      <![CDATA[]]>
    </line>
  </reporter-output>
  <suite name="Default suite" duration-ms="14605" started-at="2019-06-01T10:45:29Z" finished-at="2019-06-01T10:45:43Z">
    <groups>
    </groups>
    <test name="Default test" duration-ms="14605" started-at="2019-06-01T10:45:29Z" finished-at="2019-06-01T10:45:43Z">
      <class name="com.Guru99.BankingApp.Tests.Guru99BankLoginFailedTest">
        <test-method status="PASS" signature="setUpSuite()[pri:0, instance:com.Guru99.BankingApp.Tests.Guru99BankLoginFailedTest@5c7fa833]" name="setUpSuite" is-config="true" duration-ms="1636" started-at="2019-06-01T16:15:27Z" finished-at="2019-06-01T16:15:29Z">
          <reporter-output>
            <line>
              <![CDATA[Preparing to Start Test]]>
            </line>
            <line>
              <![CDATA[Preparation is done]]>
            </line>
          </reporter-output>
        </test-method> <!-- setUpSuite -->
        <test-method status="PASS" signature="setUp()[pri:0, instance:com.Guru99.BankingApp.Tests.Guru99BankLoginFailedTest@5c7fa833]" name="setUp" is-config="true" duration-ms="10436" started-at="2019-06-01T16:15:29Z" finished-at="2019-06-01T16:15:39Z">
          <reporter-output>
            <line>
              <![CDATA[Lunching the Browser]]>
            </line>
            <line>
              <![CDATA[Browser is up and running.......started Guru99Bank]]>
            </line>
          </reporter-output>
        </test-method> <!-- setUp -->
        <test-method status="PASS" signature="verifyLoginFailure()[pri:0, instance:com.Guru99.BankingApp.Tests.Guru99BankLoginFailedTest@5c7fa833]" name="verifyLoginFailure" duration-ms="1421" started-at="2019-06-01T16:15:39Z" finished-at="2019-06-01T16:15:41Z">
          <reporter-output>
          </reporter-output>
        </test-method> <!-- verifyLoginFailure -->
        <test-method status="PASS" signature="tearDownMethod(org.testng.ITestResult)[pri:0, instance:com.Guru99.BankingApp.Tests.Guru99BankLoginFailedTest@5c7fa833]" name="tearDownMethod" is-config="true" duration-ms="1876" started-at="2019-06-01T16:15:41Z" finished-at="2019-06-01T16:15:43Z">
          <params>
            <param index="0">
              <value>
                <![CDATA[[TestResult name=verifyLoginFailure status=SUCCESS method=Guru99BankLoginFailedTest.verifyLoginFailure()[pri:0, instance:com.Guru99.BankingApp.Tests.Guru99BankLoginFailedTest@5c7fa833] output={null}]]]>
              </value>
            </param>
          </params>
          <reporter-output>
            <line>
              <![CDATA[Test is about to End]]>
            </line>
            <line>
              <![CDATA[--------------------------------TEST PASSED--------------------------------------------]]>
            </line>
            <line>
              <![CDATA[**********************Final Report created***********************]]>
            </line>
          </reporter-output>
        </test-method> <!-- tearDownMethod -->
        <test-method status="PASS" signature="closeBrowser()[pri:0, instance:com.Guru99.BankingApp.Tests.Guru99BankLoginFailedTest@5c7fa833]" name="closeBrowser" is-config="true" duration-ms="845" started-at="2019-06-01T16:15:43Z" finished-at="2019-06-01T16:15:43Z">
          <reporter-output>
            <line>
              <![CDATA[]]>
            </line>
            <line>
              <![CDATA[]]>
            </line>
          </reporter-output>
        </test-method> <!-- closeBrowser -->
      </class> <!-- com.Guru99.BankingApp.Tests.Guru99BankLoginFailedTest -->
    </test> <!-- Default test -->
  </suite> <!-- Default suite -->
</testng-results>
